{
  "RSpec": {
    "coverage": {
      "/home/leo/ratebeer/app/models/rating.rb": [
        1,
        1,
        1,
        null,
        1,
        null,
        null,
        1,
        0,
        null,
        null
      ],
      "/home/leo/ratebeer/app/helpers/application_helper.rb": [
        1,
        null
      ],
      "/home/leo/ratebeer/app/helpers/beer_clubs_helper.rb": [
        1,
        null
      ],
      "/home/leo/ratebeer/app/helpers/beers_helper.rb": [
        1,
        null
      ],
      "/home/leo/ratebeer/app/helpers/breweries_helper.rb": [
        1,
        null
      ],
      "/home/leo/ratebeer/app/helpers/memberships_helper.rb": [
        1,
        null
      ],
      "/home/leo/ratebeer/app/helpers/styles_helper.rb": [
        1,
        null
      ],
      "/home/leo/ratebeer/app/helpers/users_helper.rb": [
        1,
        null
      ],
      "/home/leo/ratebeer/lib/beermapping_api.rb": [
        1,
        1,
        5,
        8,
        null,
        null,
        1,
        3,
        null,
        3,
        3,
        null,
        3,
        null,
        2,
        2,
        4,
        null,
        null,
        null,
        1,
        0,
        null,
        0,
        0,
        0,
        null,
        null,
        1,
        3,
        3,
        null,
        null
      ],
      "/home/leo/ratebeer/app/models/place.rb": [
        1,
        1,
        null,
        1,
        null,
        1,
        0,
        null,
        null
      ]
    },
    "timestamp": 1423991044
  }
}
